Tue Oct 14 11:42:46 PM CDT 2025 - igorl was greeted
Tue Oct 14 11:43:32 PM CDT 2025 - script interrupted by a trap (SIGINT/SIGTERM)
Tue Oct 14 11:43:40 PM CDT 2025 - igorl was greeted
Tue Oct 14 11:43:44 PM CDT 2025 - hello was added
Tue Oct 14 11:43:46 PM CDT 2025 -  reminder was removed
Tue Oct 14 11:44:01 PM CDT 2025 - script interrupted by a trap (SIGINT/SIGTERM)
Tue Oct 14 11:44:05 PM CDT 2025 - igorl was greeted
Tue Oct 14 11:44:07 PM CDT 2025 - viewed reminders
Tue Oct 14 11:44:12 PM CDT 2025 - hello was added
Tue Oct 14 11:44:14 PM CDT 2025 - hello was added
Tue Oct 14 11:44:15 PM CDT 2025 - viewed reminders
Tue Oct 14 11:44:17 PM CDT 2025 - Exiting ...
Tue Oct 14 11:44:30 PM CDT 2025 - igorl was greeted
Tue Oct 14 11:44:31 PM CDT 2025 - script interrupted by a trap (SIGINT/SIGTERM)
Tue Oct 14 11:44:31 PM CDT 2025 - script interrupted by a trap (SIGINT/SIGTERM)
Tue Oct 14 11:44:31 PM CDT 2025 - script interrupted by a trap (SIGINT/SIGTERM)
Tue Oct 14 11:44:31 PM CDT 2025 - script interrupted by a trap (SIGINT/SIGTERM)
Tue Oct 14 11:44:32 PM CDT 2025 - script interrupted by a trap (SIGINT/SIGTERM)
Tue Oct 14 11:44:32 PM CDT 2025 - script interrupted by a trap (SIGINT/SIGTERM)
Tue Oct 14 11:44:32 PM CDT 2025 - script interrupted by a trap (SIGINT/SIGTERM)
Tue Oct 14 11:44:32 PM CDT 2025 - script interrupted by a trap (SIGINT/SIGTERM)
Tue Oct 14 11:44:34 PM CDT 2025 - Exiting ...
Wed Oct 15 12:17:36 AM CDT 2025 - igorl was greeted
Wed Oct 15 12:17:40 AM CDT 2025 - Exiting ...
Wed Oct 15 12:17:42 AM CDT 2025 - igorl was greeted
Wed Oct 15 12:17:45 AM CDT 2025 - viewed reminders
Wed Oct 15 12:17:46 AM CDT 2025 - script interrupted by a trap (SIGINT/SIGTERM)
Wed Oct 15 12:17:47 AM CDT 2025 - script interrupted by a trap (SIGINT/SIGTERM)
